<?xml version="1.0" encoding="UTF-8"?>
<!-- Generated by org.testng.reporters.JUnitReportReporter -->
<testsuite hostname="Nirav-Patel" failures="0" tests="1" name="com.loginpage.PositiveTests" time="29.774" errors="0" timestamp="2022-10-02T17:54:25 IST" skipped="0">
  <testcase classname="com.loginpage.PositiveTests" name="loginTest" time="29.774"/>
  <system-out/>
</testsuite> <!-- com.loginpage.PositiveTests -->
