<?xml version="1.0" encoding="UTF-8"?>
<!-- Generated by org.testng.reporters.JUnitReportReporter -->
<testsuite hostname="Nirav-Patel" failures="0" tests="3" name="com.loginpage.LoginTests" time="79.442" errors="0" timestamp="2022-10-03T18:47:40 IST" skipped="0">
  <testcase classname="com.loginpage.LoginTests" name="positiveLoginTest" time="31.238"/>
  <system-out/>
  <testcase classname="com.loginpage.LoginTests" name="negativeLoginTest" time="21.008"/>
  <system-out/>
  <testcase classname="com.loginpage.LoginTests" name="negativeLoginTest" time="27.196"/>
  <system-out/>
</testsuite> <!-- com.loginpage.LoginTests -->
