<?xml version="1.0" encoding="UTF-8"?>
<!-- Generated by org.testng.reporters.JUnitReportReporter -->
<testsuite hostname="Nirav-Patel" failures="0" tests="1" name="com.loginpage.PositiveTests" time="31.547" errors="0" timestamp="2022-10-02T18:01:19 IST" skipped="0">
  <testcase classname="com.loginpage.PositiveTests" name="loginTest" time="31.547"/>
  <system-out/>
</testsuite> <!-- com.loginpage.PositiveTests -->
