<?xml version="1.0" encoding="UTF-8"?>
<!-- Generated by org.testng.reporters.JUnitReportReporter -->
<testsuite hostname="Nirav-Patel" failures="0" tests="2" name="com.loginpage.NegativeTests" time="121.778" errors="0" timestamp="2022-10-02T18:01:19 IST" skipped="0">
  <testcase classname="com.loginpage.NegativeTests" name="incorrectusernameTest" time="19.822"/>
  <system-out/>
  <testcase classname="com.loginpage.NegativeTests" name="incorrectpasswordTest" time="101.956"/>
  <system-out/>
</testsuite> <!-- com.loginpage.NegativeTests -->
